heap profile: 0: 0 [59: 6736] @ heap/1048576
0: 0 [1: 48] @ 0x4ec45a 0x518121 0x51fe2b 0x516579 0x49d778 0x4940dd 0x4a8608 0x46e858 0x45ad61
0: 0 [1: 96] @ 0x4762c8 0x483d1a 0x4823b6 0x47c1e3 0x47a0b1 0x477afe 0x494070 0x492943 0x4a5f0a 0x46e858 0x45ad61
0: 0 [1: 16] @ 0x441d68 0x441805 0x441aae 0x5176fc 0x51f753 0x517d91 0x477714 0x494070 0x492943 0x4a5f0a 0x46e858 0x45ad61
0: 0 [1: 16] @ 0x441d68 0x441c25 0x4ec63d 0x518121 0x477714 0x494070 0x492943 0x4a5f0a 0x46e858 0x45ad61
0: 0 [1: 32] @ 0x5271b7 0x526dc1 0x5255cf 0x525022 0x524c82 0x524792 0x524462 0x524132 0x523ba5 0x49c1de 0x49bc16 0x492f76 0x492943 0x4a58aa 0x46e858 0x45ad61
0: 0 [1: 96] @ 0x40c8fd 0x47ee99 0x47f3ea 0x47fae7 0x47fae7 0x479d8e 0x478082 0x494070 0x492943 0x4a58aa 0x46e858 0x45ad61
0: 0 [1: 32] @ 0x51cf86 0x51cd0f 0x483056 0x482f40 0x47f511 0x47fae7 0x47fae7 0x479d8e 0x478082 0x494070 0x492943 0x4a58aa 0x46e858 0x45ad61
0: 0 [1: 32] @ 0x51cf86 0x51cd0f 0x483056 0x482f40 0x47f511 0x47f859 0x47fae7 0x479d8e 0x478082 0x494070 0x492943 0x4a58aa 0x46e858 0x45ad61
0: 0 [1: 96] @ 0x40c8fd 0x47e3a9 0x47a7f5 0x479e01 0x478082 0x494070 0x492943 0x4a579a 0x46e858 0x45ad61
0: 0 [1: 144] @ 0x40873a 0x47f649 0x47a99a 0x479e01 0x478082 0x494070 0x492943 0x4a579a 0x46e858 0x45ad61
0: 0 [1: 96] @ 0x40c8fd 0x487edb 0x483481 0x482f40 0x47f511 0x47a99a 0x479e01 0x478082 0x494070 0x492943 0x4a579a 0x46e858 0x45ad61
0: 0 [1: 96] @ 0x40c8fd 0x51e923 0x485cc6 0x482f96 0x47f511 0x47a99a 0x479e01 0x478082 0x494070 0x492943 0x4a579a 0x46e858 0x45ad61
0: 0 [1: 144] @ 0x408a59 0x47f649 0x47a99a 0x479e01 0x478082 0x494070 0x492943 0x4a579a 0x46e858 0x45ad61
0: 0 [1: 16] @ 0x40c839 0x475fc8 0x476412 0x47630e 0x485e51 0x482f96 0x47f511 0x47a99a 0x479e01 0x478082 0x494070 0x492943 0x4a579a 0x46e858 0x45ad61
0: 0 [1: 32] @ 0x51cf86 0x51cd0f 0x483056 0x482f40 0x47f511 0x47a99a 0x479e01 0x478082 0x494070 0x492943 0x4a579a 0x46e858 0x45ad61
0: 0 [1: 96] @ 0x40c8fd 0x51d170 0x51cd0f 0x483056 0x482f40 0x47f511 0x47afbc 0x479e01 0x478082 0x494070 0x492943 0x4a579a 0x46e858 0x45ad61
0: 0 [2: 320] @ 0x408a59 0x51d3ae 0x51cd0f 0x51ceae 0x51cd0f 0x51ceae 0x51cd0f 0x483056 0x482f40 0x47f511 0x47a99a 0x479e01 0x478082 0x494070 0x492943 0x4a579a 0x46e858 0x45ad61
0: 0 [1: 16] @ 0x487db6 0x48317a 0x482f40 0x47f511 0x47afbc 0x479e01 0x478082 0x494070 0x492943 0x4a579a 0x46e858 0x45ad61
0: 0 [1: 16] @ 0x51cf86 0x51cd0f 0x483056 0x482f40 0x47f511 0x47afbc 0x479e01 0x478082 0x494070 0x492943 0x4a579a 0x46e858 0x45ad61
0: 0 [2: 576] @ 0x409664 0x408560 0x47f649 0x47a99a 0x479e01 0x478082 0x494070 0x492943 0x4a579a 0x46e858 0x45ad61
0: 0 [2: 192] @ 0x40c8fd 0x487edb 0x485cde 0x482f96 0x47f511 0x47a99a 0x479e01 0x478082 0x494070 0x492943 0x4a579a 0x46e858 0x45ad61
0: 0 [1: 48] @ 0x4077e2 0x47f484 0x47a99a 0x479e01 0x478082 0x494070 0x492943 0x4a579a 0x46e858 0x45ad61
0: 0 [3: 1728] @ 0x409664 0x408560 0x47f649 0x47a99a 0x479e01 0x478082 0x494070 0x492943 0x4a579a 0x46e858 0x45ad61
0: 0 [2: 192] @ 0x40c8fd 0x483162 0x482f40 0x47f511 0x47a99a 0x479e01 0x478082 0x494070 0x492943 0x4a579a 0x46e858 0x45ad61
0: 0 [1: 48] @ 0x50adf7 0x509504 0x51efd9 0x45ad61
0: 0 [1: 48] @ 0x50adf7 0x509504 0x4763d6 0x47630e 0x485e51 0x482f96 0x47f511 0x47a99a 0x479e01 0x478082 0x494070 0x492943 0x4a579a 0x46e858 0x45ad61
0: 0 [1: 96] @ 0x40c8fd 0x483162 0x482f40 0x47f511 0x47afbc 0x479e01 0x478082 0x494070 0x492943 0x4a579a 0x46e858 0x45ad61
0: 0 [1: 16] @ 0x441e92 0x512c9b 0x512715 0x509b68 0x4f7bbb 0x4f7d82 0x4fd464 0x4f4351 0x51d35b 0x51cd0f 0x51ceae 0x51cd0f 0x483056 0x482f40 0x47f511 0x47afbc 0x479e01 0x478082 0x494070 0x492943 0x4a579a 0x46e858 0x45ad61
0: 0 [2: 32] @ 0x441e92 0x5099a2 0x509d73 0x4f7bbb 0x4f7d82 0x4fd464 0x4f4351 0x51d35b 0x51cd0f 0x51ceae 0x51cd0f 0x483056 0x482f40 0x47f511 0x47afbc 0x479e01 0x478082 0x494070 0x492943 0x4a579a 0x46e858 0x45ad61
0: 0 [5: 800] @ 0x408a59 0x51d3ae 0x51cd0f 0x51ceae 0x51cd0f 0x483056 0x482f40 0x47f511 0x47a99a 0x479e01 0x478082 0x494070 0x492943 0x4a579a 0x46e858 0x45ad61
0: 0 [1: 48] @ 0x51a67b 0x519a17 0x47eecf 0x47f3ea 0x47a99a 0x479e01 0x478082 0x494070 0x492943 0x4a568a 0x46e858 0x45ad61
0: 0 [1: 96] @ 0x40c8fd 0x487edb 0x487c07 0x48317a 0x482f40 0x47f511 0x47a99a 0x479e01 0x478082 0x494070 0x492943 0x4a568a 0x46e858 0x45ad61
0: 0 [3: 288] @ 0x40c8fd 0x487edb 0x48317a 0x482f40 0x47f511 0x47a99a 0x479e01 0x478082 0x494070 0x492943 0x4a568a 0x46e858 0x45ad61
0: 0 [2: 192] @ 0x40c8fd 0x483162 0x482f40 0x47f511 0x47a99a 0x479e01 0x478082 0x494070 0x492943 0x4a568a 0x46e858 0x45ad61
0: 0 [1: 32] @ 0x487db6 0x48317a 0x482f40 0x47f511 0x47a99a 0x479e01 0x478082 0x494070 0x492943 0x4a568a 0x46e858 0x45ad61
0: 0 [2: 32] @ 0x441e92 0x5099a2 0x509df1 0x4f7bbb 0x4f7d82 0x4fd464 0x4f4351 0x51d35b 0x51cd0f 0x51ceae 0x51cd0f 0x483056 0x482f40 0x47f511 0x47a99a 0x479e01 0x478082 0x494070 0x492943 0x4a568a 0x46e858 0x45ad61
0: 0 [1: 16] @ 0x441e92 0x5099a2 0x509cba 0x4f7bbb 0x4f7d82 0x4fd464 0x4f4351 0x51d35b 0x51cd0f 0x51ceae 0x51cd0f 0x51ceae 0x51cd0f 0x483056 0x482f40 0x47f511 0x47a99a 0x479e01 0x478082 0x494070 0x492943 0x4a568a 0x46e858 0x45ad61
0: 0 [1: 96] @ 0x40c8fd 0x483031 0x482f40 0x47f511 0x47a99a 0x479e01 0x478082 0x494070 0x492943 0x4a568a 0x46e858 0x45ad61
0: 0 [1: 48] @ 0x4077e2 0x47f484 0x47a99a 0x479e01 0x478082 0x494070 0x492943 0x4a568a 0x46e858 0x45ad61
0: 0 [3: 480] @ 0x408a59 0x51d3ae 0x51cd0f 0x51ceae 0x51cd0f 0x51ceae 0x51cd0f 0x483056 0x482f40 0x47f511 0x47a99a 0x479e01 0x478082 0x494070 0x492943 0x4a568a 0x46e858 0x45ad61
0: 0 [2: 192] @ 0x40c8fd 0x47ee62 0x47f3ea 0x47a99a 0x479e01 0x478082 0x494070 0x492943 0x4a568a 0x46e858 0x45ad61

# runtime.MemStats
# Alloc = 177048
# TotalAlloc = 45159864
# Sys = 13801784
# Lookups = 5
# Mallocs = 950941
# Frees = 950112
# HeapAlloc = 177048
# HeapSys = 7208960
# HeapIdle = 6610944
# HeapInuse = 598016
# HeapReleased = 0
# HeapObjects = 829
# Stack = 131072 / 131072
# MSpan = 9280 / 114688
# MCache = 4672 / 16384
# BuckHashSys = 1452444
# NextGC = 4194304
# PauseNs = [1000000 1000100 1000100 1000100 1000100 1000000 1000000 1000000 1000100 1000100 1000000 1000100 3000200 1000000 1000100 2000100 2000200 0 0 0 0 0 0 0 0 0 0 0 0 0 0 0 0 0 0 0 0 0 0 0 0 0 0 0 0 0 0 0 0 0 0 0 0 0 0 0 0 0 0 0 0 0 0 0 0 0 0 0 0 0 0 0 0 0 0 0 0 0 0 0 0 0 0 0 0 0 0 0 0 0 0 0 0 0 0 0 0 0 0 0 0 0 0 0 0 0 0 0 0 0 0 0 0 0 0 0 0 0 0 0 0 0 0 0 0 0 0 0 0 0 0 0 0 0 0 0 0 0 0 0 0 0 0 0 0 0 0 0 0 0 0 0 0 0 0 0 0 0 0 0 0 0 0 0 0 0 0 0 0 0 0 0 0 0 0 0 0 0 0 0 0 0 0 0 0 0 0 0 0 0 0 0 0 0 0 0 0 0 0 0 0 0 0 0 0 0 0 0 0 0 0 0 0 0 0 0 0 0 0 0 0 0 0 0 0 0 0 0 0 0 0 0 0 0 0 0 0 0 0 0 0 0 0 0 0 0 0 0 0 0 0 0 0 0 0 0]
# NumGC = 17
# DebugGC = false
